Getting links from: http://localhost:8000/
в”њв”Ђв”Ђв”ЂOKв”Ђв”Ђв”Ђ http://localhost:8000/about/
в”њв”Ђв”Ђв”ЂOKв”Ђв”Ђв”Ђ http://localhost:8000/portfolio/
в”њв”Ђв”Ђв”ЂOKв”Ђв”Ђв”Ђ http://localhost:8000/resume/
в”њв”Ђв”Ђв”ЂOKв”Ђв”Ђв”Ђ http://localhost:8000/photos/
в”њв”Ђв”Ђв”ЂOKв”Ђв”Ђв”Ђ http://localhost:8000/blog/
в”њв”Ђв”Ђв”ЂOKв”Ђв”Ђв”Ђ http://localhost:8000/images/optimized/headshot-slash-640.gif
в”њв”Ђв”Ђв”ЂOKв”Ђв”Ђв”Ђ http://localhost:8000/portfolio/disney-growth/
в”њв”Ђв”Ђв”ЂOKв”Ђв”Ђв”Ђ http://localhost:8000/images/optimized/disney-growth-thumb-640.gif
в”њв”Ђв”Ђв”ЂOKв”Ђв”Ђв”Ђ http://localhost:8000/portfolio/disney-groupwatch/
в”њв”Ђв”Ђв”ЂOKв”Ђв”Ђв”Ђ http://localhost:8000/images/optimized/disney-groupwatch-preview-640.gif
в”њв”Ђв”Ђв”ЂOKв”Ђв”Ђв”Ђ http://localhost:8000/portfolio/disney-enterprise/
в”њв”Ђв”Ђв”ЂOKв”Ђв”Ђв”Ђ http://localhost:8000/images/optimized/optumus-mockup-640.gif
в”њв”Ђв”Ђв”ЂOKв”Ђв”Ђв”Ђ http://localhost:8000/portfolio/espn/
в”њв”Ђв”Ђв”ЂOKв”Ђв”Ђв”Ђ http://localhost:8000/images/optimized/espn-thumbnail-1x1-640.gif
в”њв”Ђв”Ђв”ЂOKв”Ђв”Ђв”Ђ http://localhost:8000/portfolio/nhl/
в”њв”Ђв”Ђв”ЂOKв”Ђв”Ђв”Ђ http://localhost:8000/images/optimized/nhl-thumbnail-640.gif
в”њв”Ђв”Ђв”ЂOKв”Ђв”Ђв”Ђ http://localhost:8000/blog/software-is-hard/
в”њв”Ђв”Ђв”ЂOKв”Ђв”Ђв”Ђ http://localhost:8000/blog/job-market-2025/
в”њв”Ђв”Ђв”ЂOKв”Ђв”Ђв”Ђ http://localhost:8000/blog/greenpoint-pan-chocolat-2025/
в”њв”Ђв”Ђв”ЂOKв”Ђв”Ђв”Ђ http://localhost:8000/images/optimized/pan-chocolat-lineup-640.gif
в”њв”Ђв”Ђв”ЂOKв”Ђв”Ђв”Ђ http://localhost:8000/blog/read-history/
в”њв”Ђв”Ђв”ЂOKв”Ђв”Ђв”Ђ http://localhost:8000/images/optimized/firstbenz-jpggettyimages-905504772-640.gif
в”њв”Ђв”Ђв”ЂOKв”Ђв”Ђв”Ђ http://localhost:8000/colophon/
в””в”Ђв”Ђв”ЂOKв”Ђв”Ђв”Ђ http://localhost:8000/privacy/
Finished! 50 links found. 26 excluded. 0 broken.

Getting links from: http://localhost:8000/about/
в”њв”Ђв”Ђв”ЂOKв”Ђв”Ђв”Ђ http://localhost:8000/images/optimized/wewatch-interview-participants-3x3-640.gif
в”њв”Ђв”Ђв”ЂOKв”Ђв”Ђв”Ђ http://localhost:8000/images/optimized/workshop-pictogram-640.gif
в”њв”Ђв”Ђв”ЂOKв”Ђв”Ђв”Ђ http://localhost:8000/images/optimized/sealion-balance-640.gif
в”њв”Ђв”Ђв”ЂOKв”Ђв”Ђв”Ђ http://localhost:8000/blog/a-little-feedback-often/
в”њв”Ђв”Ђв”ЂOKв”Ђв”Ђв”Ђ http://localhost:8000/images/optimized/about-wireframes-xl-640.gif
в”њв”Ђв”Ђв”ЂOKв”Ђв”Ђв”Ђ http://localhost:8000/blog/leadership-in-nature/
в”њв”Ђв”Ђв”ЂOKв”Ђв”Ђв”Ђ http://localhost:8000/images/optimized/leadership-nature-640.gif
в”њв”Ђв”Ђв”ЂOKв”Ђв”Ђв”Ђ http://localhost:8000/images/optimized/puzzle-640.gif
в”њв”Ђв”Ђв”ЂOKв”Ђв”Ђв”Ђ http://localhost:8000/images/optimized/puzzle-culture-640.gif
в”њв”Ђв”Ђв”ЂOKв”Ђв”Ђв”Ђ http://localhost:8000/images/optimized/puzzle-craft-640.gif
в”њв”Ђв”Ђв”ЂOKв”Ђв”Ђв”Ђ http://localhost:8000/images/optimized/puzzle-commerce-640.gif
Finished! 40 links found. 29 excluded. 0 broken.

Getting links from: http://localhost:8000/portfolio/
в”њв”Ђв”Ђв”ЂOKв”Ђв”Ђв”Ђ http://localhost:8000/portfolio/flint-and-silicon/
в”њв”Ђв”Ђв”ЂOKв”Ђв”Ђв”Ђ http://localhost:8000/images/optimized/flint-and-silicon-thumb-640.gif
в”њв”Ђв”Ђв”ЂOKв”Ђв”Ђв”Ђ http://localhost:8000/portfolio/team-charter-workshop/
в”њв”Ђв”Ђв”ЂOKв”Ђв”Ђв”Ђ http://localhost:8000/images/optimized/culture-workshop-640.gif
в”њв”Ђв”Ђв”ЂOKв”Ђв”Ђв”Ђ http://localhost:8000/portfolio/design-prototyping-201/
в”њв”Ђв”Ђв”ЂOKв”Ђв”Ђв”Ђ http://localhost:8000/images/optimized/bamtech-prototyping-thumb-640.gif
в”њв”Ђв”Ђв”ЂOKв”Ђв”Ђв”Ђ http://localhost:8000/portfolio/fusion-family-feast/
в”њв”Ђв”Ђв”ЂOKв”Ђв”Ђв”Ђ http://localhost:8000/images/optimized/fusion-family-feast-640.gif
в”њв”Ђв”Ђв”ЂOKв”Ђв”Ђв”Ђ http://localhost:8000/portfolio/steelgills/
в”њв”Ђв”Ђв”ЂOKв”Ђв”Ђв”Ђ http://localhost:8000/images/optimized/steelgills-thumb-640.gif
в”њв”Ђв”Ђв”ЂOKв”Ђв”Ђв”Ђ http://localhost:8000/portfolio/pal-9100/
в”њв”Ђв”Ђв”ЂOKв”Ђв”Ђв”Ђ http://localhost:8000/images/optimized/PAL9100-tablet-640.gif
в”њв”Ђв”Ђв”ЂOKв”Ђв”Ђв”Ђ http://localhost:8000/portfolio/boids/
в”њв”Ђв”Ђв”ЂOKв”Ђв”Ђв”Ђ http://localhost:8000/images/optimized/boids-thumb-640.gif
Finished! 56 links found. 42 excluded. 0 broken.

Getting links from: http://localhost:8000/resume/
Finished! 29 links found. 29 excluded. 0 broken.

Getting links from: http://localhost:8000/photos/
в”њв”Ђв”Ђв”ЂOKв”Ђв”Ђв”Ђ http://localhost:8000/images/optimized/h-2006_Paris_118-640.gif
в”њв”Ђв”Ђв”ЂOKв”Ђв”Ђв”Ђ http://localhost:8000/images/optimized/h-2007_4952954758_a75d2f14e1_o-640.gif
в”њв”Ђв”Ђв”ЂOKв”Ђв”Ђв”Ђ http://localhost:8000/images/optimized/h-2008_16980591764_9b7c0021ed_o-640.gif
в”њв”Ђв”Ђв”ЂOKв”Ђв”Ђв”Ђ http://localhost:8000/images/optimized/h-2008_17600754872_fbeea6e8cb_o-640.gif
в”њв”Ђв”Ђв”ЂOKв”Ђв”Ђв”Ђ http://localhost:8000/images/optimized/h-2008_4952969684_44e95b8651_o-640.gif
в”њв”Ђв”Ђв”ЂOKв”Ђв”Ђв”Ђ http://localhost:8000/images/optimized/h-2008_8813926776_1b58ce6dc4_o-640.gif
в”њв”Ђв”Ђв”ЂOKв”Ђв”Ђв”Ђ http://localhost:8000/images/optimized/h-2010_5705012090_024da42a4a_o-640.gif
в”њв”Ђв”Ђв”ЂOKв”Ђв”Ђв”Ђ http://localhost:8000/images/optimized/h-2012_16980614044_45f2aa24f1_o-640.gif
в”њв”Ђв”Ђв”ЂOKв”Ђв”Ђв”Ђ http://localhost:8000/images/optimized/h-2012_7223164048_042d3d3015_o-640.gif
в”њв”Ђв”Ђв”ЂOKв”Ђв”Ђв”Ђ http://localhost:8000/images/optimized/h-2015_17576781256_7ec8b6b52f_o-640.gif
в”њв”Ђв”Ђв”ЂOKв”Ђв”Ђв”Ђ http://localhost:8000/images/optimized/p-2012_8803203491_41e70bd0b4_o-640.gif
в”њв”Ђв”Ђв”ЂOKв”Ђв”Ђв”Ђ http://localhost:8000/images/optimized/s-2007_4952363743_4b04abf55f_o-640.gif
в”њв”Ђв”Ђв”ЂOKв”Ђв”Ђв”Ђ http://localhost:8000/images/optimized/s-2007_4952369121_f43d20edef_o-640.gif
в”њв”Ђв”Ђв”ЂOKв”Ђв”Ђв”Ђ http://localhost:8000/images/optimized/t-2007_4952957826_62e1f47def_o-640.gif
в”њв”Ђв”Ђв”ЂOKв”Ђв”Ђв”Ђ http://localhost:8000/images/optimized/t-2008_4952965132_9760b87659_o-640.gif
в”њв”Ђв”Ђв”ЂOKв”Ђв”Ђв”Ђ http://localhost:8000/images/optimized/t-2012_17576830576_e7d64d05a0_o-640.gif
в”њв”Ђв”Ђв”ЂOKв”Ђв”Ђв”Ђ http://localhost:8000/images/optimized/t-2012_17600819772_671d18e7b5_o-640.gif
в”њв”Ђв”Ђв”ЂOKв”Ђв”Ђв”Ђ http://localhost:8000/images/optimized/t-2012_17603151861_e5d7ef68b5_o-640.gif
в”њв”Ђв”Ђв”ЂOKв”Ђв”Ђв”Ђ http://localhost:8000/images/optimized/h-2006_Paris_118-256.gif
в”њв”Ђв”Ђв”ЂOKв”Ђв”Ђв”Ђ http://localhost:8000/images/optimized/h-2007_4952954758_a75d2f14e1_o-256.gif
в”њв”Ђв”Ђв”ЂOKв”Ђв”Ђв”Ђ http://localhost:8000/images/optimized/h-2008_16980591764_9b7c0021ed_o-256.gif
в”њв”Ђв”Ђв”ЂOKв”Ђв”Ђв”Ђ http://localhost:8000/images/optimized/h-2008_17600754872_fbeea6e8cb_o-256.gif
в”њв”Ђв”Ђв”ЂOKв”Ђв”Ђв”Ђ http://localhost:8000/images/optimized/h-2008_4952969684_44e95b8651_o-256.gif
в”њв”Ђв”Ђв”ЂOKв”Ђв”Ђв”Ђ http://localhost:8000/images/optimized/h-2008_8813926776_1b58ce6dc4_o-256.gif
в”њв”Ђв”Ђв”ЂOKв”Ђв”Ђв”Ђ http://localhost:8000/images/optimized/h-2010_5705012090_024da42a4a_o-256.gif
в”њв”Ђв”Ђв”ЂOKв”Ђв”Ђв”Ђ http://localhost:8000/images/optimized/h-2012_16980614044_45f2aa24f1_o-256.gif
в”њв”Ђв”Ђв”ЂOKв”Ђв”Ђв”Ђ http://localhost:8000/images/optimized/h-2012_7223164048_042d3d3015_o-256.gif
в”њв”Ђв”Ђв”ЂOKв”Ђв”Ђв”Ђ http://localhost:8000/images/optimized/h-2015_17576781256_7ec8b6b52f_o-256.gif
в”њв”Ђв”Ђв”ЂOKв”Ђв”Ђв”Ђ http://localhost:8000/images/optimized/p-2012_8803203491_41e70bd0b4_o-256.gif
в”њв”Ђв”Ђв”ЂOKв”Ђв”Ђв”Ђ http://localhost:8000/images/optimized/s-2007_4952363743_4b04abf55f_o-256.gif
в”њв”Ђв”Ђв”ЂOKв”Ђв”Ђв”Ђ http://localhost:8000/images/optimized/s-2007_4952369121_f43d20edef_o-256.gif
в”њв”Ђв”Ђв”ЂOKв”Ђв”Ђв”Ђ http://localhost:8000/images/optimized/t-2007_4952957826_62e1f47def_o-256.gif
в”њв”Ђв”Ђв”ЂOKв”Ђв”Ђв”Ђ http://localhost:8000/images/optimized/t-2008_4952965132_9760b87659_o-256.gif
в”њв”Ђв”Ђв”ЂOKв”Ђв”Ђв”Ђ http://localhost:8000/images/optimized/t-2012_17576830576_e7d64d05a0_o-256.gif
в”њв”Ђв”Ђв”ЂOKв”Ђв”Ђв”Ђ http://localhost:8000/images/optimized/t-2012_17600819772_671d18e7b5_o-256.gif
в”њв”Ђв”Ђв”ЂOKв”Ђв”Ђв”Ђ http://localhost:8000/images/optimized/t-2012_17603151861_e5d7ef68b5_o-256.gif
Finished! 73 links found. 37 excluded. 0 broken.

Getting links from: http://localhost:8000/blog/
в”њв”Ђв”Ђв”ЂOKв”Ђв”Ђв”Ђ http://localhost:8000/blog/design-quality/
в”њв”Ђв”Ђв”ЂOKв”Ђв”Ђв”Ђ http://localhost:8000/blog/bike-tour-2024/
в”њв”Ђв”Ђв”ЂOKв”Ђв”Ђв”Ђ http://localhost:8000/images/optimized/gapco-continental-divide-640.gif
в”њв”Ђв”Ђв”ЂOKв”Ђв”Ђв”Ђ http://localhost:8000/blog/growth-design-idioms/
в”њв”Ђв”Ђв”ЂOKв”Ђв”Ђв”Ђ http://localhost:8000/blog/intentional-consumption/
в”њв”Ђв”Ђв”ЂOKв”Ђв”Ђв”Ђ http://localhost:8000/images/optimized/girl-turntable-640.gif
в”њв”Ђв”Ђв”ЂOKв”Ђв”Ђв”Ђ http://localhost:8000/blog/bike-tour-2023/
в”њв”Ђв”Ђв”ЂOKв”Ђв”Ђв”Ђ http://localhost:8000/images/optimized/vt-tour-640.gif
в”њв”Ђв”Ђв”ЂOKв”Ђв”Ђв”Ђ http://localhost:8000/blog/design-for-durability/
в”њв”Ђв”Ђв”ЂOKв”Ђв”Ђв”Ђ http://localhost:8000/images/optimized/blacklightning-1990-640.gif
в”њв”Ђв”Ђв”ЂOKв”Ђв”Ђв”Ђ http://localhost:8000/blog/good-people-management-is-invisible/
в”њв”Ђв”Ђв”ЂOKв”Ђв”Ђв”Ђ http://localhost:8000/images/optimized/solar-system-640.gif
в”њв”Ђв”Ђв”ЂOKв”Ђв”Ђв”Ђ http://localhost:8000/blog/olympics-danger-being-a-good-neighbor/
в”њв”Ђв”Ђв”ЂOKв”Ђв”Ђв”Ђ http://localhost:8000/images/optimized/winter-olympics-640.gif
в”њв”Ђв”Ђв”ЂOKв”Ђв”Ђв”Ђ http://localhost:8000/blog/travel-made-me-a-better-designer/
в”њв”Ђв”Ђв”ЂOKв”Ђв”Ђв”Ђ http://localhost:8000/images/optimized/bg-dades-valley-640.gif
в”њв”Ђв”Ђв”ЂOKв”Ђв”Ђв”Ђ http://localhost:8000/blog/designers-hierarchy-of-needs/
в”њв”Ђв”Ђв”ЂOKв”Ђв”Ђв”Ђ http://localhost:8000/blog/usability-testing-tv-apps/
в”њв”Ђв”Ђв”ЂOKв”Ђв”Ђв”Ђ http://localhost:8000/blog/our-judicial-system-is-the-worst/
в”њв”Ђв”Ђв”ЂOKв”Ђв”Ђв”Ђ http://localhost:8000/images/optimized/justice-640.gif
в”њв”Ђв”Ђв”ЂOKв”Ђв”Ђв”Ђ http://localhost:8000/blog/soccer-i-love-to-hate-you/
в”њв”Ђв”Ђв”ЂOKв”Ђв”Ђв”Ђ http://localhost:8000/images/optimized/World_Cup_2014_06-640.gif
в”њв”Ђв”Ђв”ЂOKв”Ђв”Ђв”Ђ http://localhost:8000/blog/londoner-guide-to-NYC-cycling/
в”њв”Ђв”Ђв”ЂOKв”Ђв”Ђв”Ђ http://localhost:8000/images/optimized/nyc-cycling-640.gif
в”њв”Ђв”Ђв”ЂOKв”Ђв”Ђв”Ђ http://localhost:8000/blog/design-is-never-done/
в”њв”Ђв”Ђв”ЂOKв”Ђв”Ђв”Ђ http://localhost:8000/images/optimized/mobius-640.gif
в”њв”Ђв”Ђв”ЂOKв”Ђв”Ђв”Ђ http://localhost:8000/blog/big-data-causes-night-blindness/
в”њв”Ђв”Ђв”ЂOKв”Ђв”Ђв”Ђ http://localhost:8000/blog/consumer-design-for-enterprise/
в”њв”Ђв”Ђв”ЂOKв”Ђв”Ђв”Ђ http://localhost:8000/blog/newtons-laws-of-design/
в”њв”Ђв”Ђв”ЂOKв”Ђв”Ђв”Ђ http://localhost:8000/images/optimized/newton-640.gif
в”њв”Ђв”Ђв”ЂOKв”Ђв”Ђв”Ђ http://localhost:8000/blog/rss.xml
Finished! 75 links found. 44 excluded. 0 broken.

Getting links from: http://localhost:8000/portfolio/disney-growth/
в”њв”Ђв”Ђв”ЂOKв”Ђв”Ђв”Ђ http://localhost:8000/images/optimized/disney-growth-640.gif
в”њв”Ђв”Ђв”ЂOKв”Ђв”Ђв”Ђ http://localhost:8000/images/optimized/everest-basecamp-large-640.gif
в”њв”Ђв”Ђв”ЂOKв”Ђв”Ђв”Ђ http://localhost:8000/images/optimized/growth-team-start-640.gif
в”њв”Ђв”Ђв”ЂOKв”Ђв”Ђв”Ђ http://localhost:8000/images/optimized/growth-team-end-640.gif
в”њв”Ђв”Ђв”ЂOKв”Ђв”Ђв”Ђ http://localhost:8000/images/optimized/product-operating-model-640.gif
в”њв”Ђв”Ђв”ЂOKв”Ђв”Ђв”Ђ http://localhost:8000/images/optimized/ceremony-cadence-640.gif
в”њв”Ђв”Ђв”ЂOKв”Ђв”Ђв”Ђ http://localhost:8000/images/optimized/everest-ascent-large-640.gif
в”њв”Ђв”Ђв”ЂOKв”Ђв”Ђв”Ђ http://localhost:8000/images/optimized/olp-v4-640.gif
в”њв”Ђв”Ђв”ЂOKв”Ђв”Ђв”Ђ http://localhost:8000/images/optimized/olp-v3-640.gif
в”њв”Ђв”Ђв”ЂOKв”Ђв”Ђв”Ђ http://localhost:8000/images/optimized/olp-v2-640.gif
в”њв”Ђв”Ђв”ЂOKв”Ђв”Ђв”Ђ http://localhost:8000/images/optimized/olp-v1-640.gif
в”њв”Ђв”Ђв”ЂOKв”Ђв”Ђв”Ђ http://localhost:8000/images/optimized/olp-v0-640.gif
в”њв”Ђв”Ђв”ЂOKв”Ђв”Ђв”Ђ http://localhost:8000/images/optimized/tv-reference-signup-1-640.gif
в”њв”Ђв”Ђв”ЂOKв”Ђв”Ђв”Ђ http://localhost:8000/images/optimized/tv-reference-signup-2-640.gif
в”њв”Ђв”Ђв”ЂOKв”Ђв”Ђв”Ђ http://localhost:8000/images/optimized/tv-reference-signup-3-640.gif
в”њв”Ђв”Ђв”ЂOKв”Ђв”Ђв”Ђ http://localhost:8000/images/optimized/tv-reference-signup-4-640.gif
в”њв”Ђв”Ђв”ЂOKв”Ђв”Ђв”Ђ http://localhost:8000/images/optimized/tv-reference-signup-5-640.gif
в”њв”Ђв”Ђв”ЂOKв”Ђв”Ђв”Ђ http://localhost:8000/images/optimized/signup-tvos-screen-1-640.gif
в”њв”Ђв”Ђв”ЂOKв”Ђв”Ђв”Ђ http://localhost:8000/images/optimized/signup-tvos-screen-2-640.gif
в”њв”Ђв”Ђв”ЂOKв”Ђв”Ђв”Ђ http://localhost:8000/images/optimized/signup-tvos-screen-3-640.gif
в”њв”Ђв”Ђв”ЂOKв”Ђв”Ђв”Ђ http://localhost:8000/images/optimized/signup-tvos-screen-5-640.gif
в”њв”Ђв”Ђв”ЂOKв”Ђв”Ђв”Ђ http://localhost:8000/images/optimized/signup-tvos-screen-6-640.gif
в”њв”Ђв”Ђв”ЂOKв”Ђв”Ђв”Ђ http://localhost:8000/images/optimized/signup-tvos-screen-7-640.gif
в”њв”Ђв”Ђв”ЂOKв”Ђв”Ђв”Ђ http://localhost:8000/images/optimized/signup-tvos-screen-9-640.gif
в”њв”Ђв”Ђв”ЂOKв”Ђв”Ђв”Ђ http://localhost:8000/images/optimized/signup-tvos-screen-10-640.gif
в”њв”Ђв”Ђв”ЂOKв”Ђв”Ђв”Ђ http://localhost:8000/images/optimized/signup-tvos-screen-11-640.gif
в”њв”Ђв”Ђв”ЂOKв”Ђв”Ђв”Ђ http://localhost:8000/images/optimized/tv-signup-vision-1-640.gif
в”њв”Ђв”Ђв”ЂOKв”Ђв”Ђв”Ђ http://localhost:8000/images/optimized/tv-signup-vision-2-640.gif
в”њв”Ђв”Ђв”ЂOKв”Ђв”Ђв”Ђ http://localhost:8000/images/optimized/tv-signup-vision-3-640.gif
в”њв”Ђв”Ђв”ЂOKв”Ђв”Ђв”Ђ http://localhost:8000/images/optimized/tv-signup-vision-4-640.gif
в”њв”Ђв”Ђв”ЂOKв”Ђв”Ђв”Ђ http://localhost:8000/images/optimized/tv-signup-vision-5-640.gif
в”њв”Ђв”Ђв”ЂOKв”Ђв”Ђв”Ђ http://localhost:8000/images/optimized/tv-signup-vision-6-640.gif
в”њв”Ђв”Ђв”ЂOKв”Ђв”Ђв”Ђ http://localhost:8000/images/optimized/tv-signup-vision-7-640.gif
в”њв”Ђв”Ђв”ЂOKв”Ђв”Ђв”Ђ http://localhost:8000/images/optimized/tv-off-device-research-4x1-640.gif
в”њв”Ђв”Ђв”ЂOKв”Ђв”Ђв”Ђ http://localhost:8000/images/optimized/disney-redemption-flow-640.gif
в”њв”Ђв”Ђв”ЂOKв”Ђв”Ђв”Ђ http://localhost:8000/images/optimized/b2b2c-canal-offer-640.gif
в”њв”Ђв”Ђв”ЂOKв”Ђв”Ђв”Ђ http://localhost:8000/images/optimized/b2b2c-choose-plan-640.gif
в”њв”Ђв”Ђв”ЂOKв”Ђв”Ђв”Ђ http://localhost:8000/images/optimized/b2b2c-account-640.gif
в”њв”Ђв”Ђв”ЂOKв”Ђв”Ђв”Ђ http://localhost:8000/images/optimized/b2b2c-password-640.gif
в”њв”Ђв”Ђв”ЂOKв”Ђв”Ђв”Ђ http://localhost:8000/images/optimized/b2b2c-canal-terms-640.gif
в”њв”Ђв”Ђв”ЂOKв”Ђв”Ђв”Ђ http://localhost:8000/images/optimized/b2b2c-canal-success-640.gif
в”њв”Ђв”Ђв”ЂOKв”Ђв”Ђв”Ђ http://localhost:8000/images/optimized/everest-north-side-sun-over-tibetan-plateau-640.gif
в”њв”Ђв”Ђв”ЂOKв”Ђв”Ђв”Ђ http://localhost:8000/images/optimized/disney+-signup-DE-step_0-640.gif
в”њв”Ђв”Ђв”ЂOKв”Ђв”Ђв”Ђ http://localhost:8000/images/optimized/disney+-signup-DE-step_1-640.gif
в”њв”Ђв”Ђв”ЂOKв”Ђв”Ђв”Ђ http://localhost:8000/images/optimized/disney+-signup-DE-step_2-640.gif
в”њв”Ђв”Ђв”ЂOKв”Ђв”Ђв”Ђ http://localhost:8000/images/optimized/disney+-signup-DE-step_3-640.gif
в”њв”Ђв”Ђв”ЂOKв”Ђв”Ђв”Ђ http://localhost:8000/images/optimized/disney+-signup-DE-step_4-640.gif
в”њв”Ђв”Ђв”ЂOKв”Ђв”Ђв”Ђ http://localhost:8000/images/optimized/disney+-signup-DE-step_5-640.gif
в”њв”Ђв”Ђв”ЂOKв”Ђв”Ђв”Ђ http://localhost:8000/images/optimized/disney+-signup-AR-step_4-640.gif
в”њв”Ђв”Ђв”ЂOKв”Ђв”Ђв”Ђ http://localhost:8000/images/optimized/plan-picker-test-1-640.gif
в”њв”Ђв”Ђв”ЂOKв”Ђв”Ђв”Ђ http://localhost:8000/images/optimized/plan-picker-test-2-640.gif
в”њв”Ђв”Ђв”ЂOKв”Ђв”Ђв”Ђ http://localhost:8000/images/optimized/plan-picker-test-3-640.gif
в”њв”Ђв”Ђв”ЂOKв”Ђв”Ђв”Ђ http://localhost:8000/images/optimized/plan-picker-test-4-640.gif
в”њв”Ђв”Ђв”ЂOKв”Ђв”Ђв”Ђ http://localhost:8000/images/optimized/plan-picker-test-5-640.gif
в”њв”Ђв”Ђв”ЂOKв”Ђв”Ђв”Ђ http://localhost:8000/images/optimized/plan-picker-test-slide-640.gif
в”њв”Ђв”Ђв”ЂOKв”Ђв”Ђв”Ђ http://localhost:8000/images/optimized/workshop-agenda-640.gif
в”њв”Ђв”Ђв”ЂOKв”Ђв”Ђв”Ђ http://localhost:8000/images/optimized/bundle-workshop-wireframes-640.gif
в”њв”Ђв”Ђв”ЂOKв”Ђв”Ђв”Ђ http://localhost:8000/images/optimized/everest-descent-640.gif
Finished! 100 links found. 42 excluded. 0 broken.

Getting links from: http://localhost:8000/portfolio/disney-groupwatch/
в”њв”Ђв”Ђв”ЂOKв”Ђв”Ђв”Ђ http://localhost:8000/images/portfolio/disney-groupwatch/GW-Demo_02-24.mp4
в”њв”Ђв”Ђв”ЂOKв”Ђв”Ђв”Ђ http://localhost:8000/images/optimized/disney-groupwatch-cover-640.gif
в”њв”Ђв”Ђв”ЂOKв”Ђв”Ђв”Ђ http://localhost:8000/images/optimized/doublediamond-discover-161.gif
в”њв”Ђв”Ђв”ЂOKв”Ђв”Ђв”Ђ http://localhost:8000/images/optimized/wewatch-interview-participants-5x2-640.gif
в”њв”Ђв”Ђв”ЂOKв”Ђв”Ђв”Ђ http://localhost:8000/images/optimized/groupwatch-patent-640.gif
в”њв”Ђв”Ђв”ЂOKв”Ђв”Ђв”Ђ http://localhost:8000/images/optimized/groupwatch-workshop-640.gif
в”њв”Ђв”Ђв”ЂOKв”Ђв”Ђв”Ђ http://localhost:8000/images/optimized/doublediamond-define-161.gif
в”њв”Ђв”Ђв”ЂOKв”Ђв”Ђв”Ђ http://localhost:8000/images/optimized/groupwatch-visiontype-mocks-640.gif
в”њв”Ђв”Ђв”ЂOKв”Ђв”Ђв”Ђ http://localhost:8000/images/portfolio/disney-groupwatch/WeWatch_VideoDemo.mp4
в”њв”Ђв”Ђв”ЂOKв”Ђв”Ђв”Ђ http://localhost:8000/images/optimized/groupwatch-research-frame1-640.gif
в”њв”Ђв”Ђв”ЂOKв”Ђв”Ђв”Ђ http://localhost:8000/images/optimized/groupwatch-research-frame2-640.gif
в”њв”Ђв”Ђв”ЂOKв”Ђв”Ђв”Ђ http://localhost:8000/images/optimized/groupwatch-research-frame3-640.gif
в”њв”Ђв”Ђв”ЂOKв”Ђв”Ђв”Ђ http://localhost:8000/images/optimized/groupwatch-research-frame4-640.gif
в”њв”Ђв”Ђв”ЂOKв”Ђв”Ђв”Ђ http://localhost:8000/images/optimized/doublediamond-develop-161.gif
в”њв”Ђв”Ђв”ЂOKв”Ђв”Ђв”Ђ http://localhost:8000/images/optimized/groupwatch-ixd-640.gif
в”њв”Ђв”Ђв”ЂOKв”Ђв”Ђв”Ђ http://localhost:8000/images/optimized/groupwatch-invite-v1-640.gif
в”њв”Ђв”Ђв”ЂOKв”Ђв”Ђв”Ђ http://localhost:8000/images/optimized/groupwatch-invite-v2-640.gif
в”њв”Ђв”Ђв”ЂOKв”Ђв”Ђв”Ђ http://localhost:8000/images/optimized/disney-groupwatch-devices-640.gif
в”њв”Ђв”Ђв”ЂOKв”Ђв”Ђв”Ђ http://localhost:8000/images/optimized/groupwatch-visual-v1-640.gif
в”њв”Ђв”Ђв”ЂOKв”Ђв”Ђв”Ђ http://localhost:8000/images/optimized/groupwatch-visual-v2-640.gif
в”њв”Ђв”Ђв”ЂOKв”Ђв”Ђв”Ђ http://localhost:8000/images/optimized/groupwatch-visual-v3-640.gif
в”њв”Ђв”Ђв”ЂOKв”Ђв”Ђв”Ђ http://localhost:8000/images/optimized/groupwatch-visual-v4-640.gif
в”њв”Ђв”Ђв”ЂOKв”Ђв”Ђв”Ђ http://localhost:8000/images/portfolio/disney-groupwatch/groupwatch-motion-mobile.mp4
в”њв”Ђв”Ђв”ЂOKв”Ђв”Ђв”Ђ http://localhost:8000/images/portfolio/disney-groupwatch/groupwatch-motion-tv.mp4
в”њв”Ђв”Ђв”ЂOKв”Ђв”Ђв”Ђ http://localhost:8000/images/optimized/groupwatch-reactions-ideation-640.gif
в”њв”Ђв”Ђв”ЂOKв”Ђв”Ђв”Ђ http://localhost:8000/images/optimized/groupwatch-reactions-final-640.gif
в”њв”Ђв”Ђв”ЂOKв”Ђв”Ђв”Ђ http://localhost:8000/images/optimized/doublediamond-deliver-161.gif
в”њв”Ђв”Ђв”ЂOKв”Ђв”Ђв”Ђ http://localhost:8000/images/optimized/groupwatch-tv-desired-640.gif
в”њв”Ђв”Ђв”ЂOKв”Ђв”Ђв”Ђ http://localhost:8000/images/optimized/groupwatch-tv-actual-640.gif
в”њв”Ђв”Ђв”ЂOKв”Ђв”Ђв”Ђ http://localhost:8000/images/portfolio/disney-groupwatch/GWMPT.mp4
в”њв”Ђв”Ђв”ЂOKв”Ђв”Ђв”Ђ http://localhost:8000/images/optimized/groupwatch-marketing-640.gif
в”њв”Ђв”Ђв”ЂOKв”Ђв”Ђв”Ђ http://localhost:8000/images/optimized/press-640.gif
в”њв”Ђв”Ђв”ЂOKв”Ђв”Ђв”Ђ http://localhost:8000/images/optimized/social-640.gif
в”њв”Ђв”Ђв”ЂOKв”Ђв”Ђв”Ђ http://localhost:8000/images/optimized/groupwatch-metrics-640.gif
Finished! 58 links found. 24 excluded. 0 broken.

Getting links from: http://localhost:8000/portfolio/disney-enterprise/
в”њв”Ђв”Ђв”ЂOKв”Ђв”Ђв”Ђ http://localhost:8000/images/optimized/ivan-cockpit-640.gif
в”њв”Ђв”Ђв”ЂOKв”Ђв”Ђв”Ђ http://localhost:8000/images/optimized/exd-roi-framework-640.gif
в”њв”Ђв”Ђв”ЂOKв”Ђв”Ђв”Ђ http://localhost:8000/images/optimized/exd-team-linda-184.gif
в”њв”Ђв”Ђв”ЂOKв”Ђв”Ђв”Ђ http://localhost:8000/images/optimized/exd-team-caroline-184.gif
в”њв”Ђв”Ђв”ЂOKв”Ђв”Ђв”Ђ http://localhost:8000/images/optimized/exd-team-dan-184.gif
в”њв”Ђв”Ђв”ЂOKв”Ђв”Ђв”Ђ http://localhost:8000/images/optimized/exd-team-alexaf-184.gif
в”њв”Ђв”Ђв”ЂOKв”Ђв”Ђв”Ђ http://localhost:8000/images/optimized/exd-team-daria-184.gif
в”њв”Ђв”Ђв”ЂOKв”Ђв”Ђв”Ђ http://localhost:8000/images/optimized/exd-team-takeem-184.gif
в”њв”Ђв”Ђв”ЂOKв”Ђв”Ђв”Ђ http://localhost:8000/images/optimized/exd-team-alexac-184.gif
в”њв”Ђв”Ђв”ЂOKв”Ђв”Ђв”Ђ http://localhost:8000/images/optimized/exd-team-jenny-184.gif
в”њв”Ђв”Ђв”ЂOKв”Ђв”Ђв”Ђ http://localhost:8000/images/optimized/exd-team-willet-184.gif
в”њв”Ђв”Ђв”ЂOKв”Ђв”Ђв”Ђ http://localhost:8000/images/optimized/exd-team-sarah-184.gif
в”њв”Ђв”Ђв”ЂOKв”Ђв”Ђв”Ђ http://localhost:8000/images/optimized/exd-team-kda-184.gif
в”њв”Ђв”Ђв”ЂOKв”Ђв”Ђв”Ђ http://localhost:8000/images/optimized/exd-team-cathy-184.gif
в”њв”Ђв”Ђв”ЂOKв”Ђв”Ђв”Ђ http://localhost:8000/images/optimized/exd-team-carol-184.gif
в”њв”Ђв”Ђв”ЂOKв”Ђв”Ђв”Ђ http://localhost:8000/images/optimized/exd-team-jon-184.gif
в”њв”Ђв”Ђв”ЂOKв”Ђв”Ђв”Ђ http://localhost:8000/images/optimized/exd-team-agency-340.gif
в”њв”Ђв”Ђв”ЂOKв”Ђв”Ђв”Ђ http://localhost:8000/images/optimized/EXD-Golden-Circle-640.gif
в”њв”Ђв”Ђв”ЂOKв”Ђв”Ђв”Ђ http://localhost:8000/images/portfolio/culture-workshop/EXD-workshop-timelapse.mp4
в”њв”Ђв”Ђв”ЂOKв”Ђв”Ђв”Ђ http://localhost:8000/images/optimized/exd-pods-640.gif
в”њв”Ђв”Ђв”ЂOKв”Ђв”Ђв”Ђ http://localhost:8000/images/optimized/props-list-640.gif
в”њв”Ђв”Ђв”ЂOKв”Ђв”Ђв”Ђ http://localhost:8000/images/optimized/genie-campaign-640.gif
в”њв”Ђв”Ђв”ЂOKв”Ђв”Ђв”Ђ http://localhost:8000/images/optimized/genie-offers-640.gif
в”њв”Ђв”Ђв”ЂOKв”Ђв”Ђв”Ђ http://localhost:8000/images/optimized/baymax-customer-640.gif
в”њв”Ђв”Ђв”ЂOKв”Ђв”Ђв”Ђ http://localhost:8000/images/optimized/baymax-search_results-640.gif
в”њв”Ђв”Ђв”ЂOKв”Ђв”Ђв”Ђ http://localhost:8000/images/optimized/baymax-cancel-640.gif
в”њв”Ђв”Ђв”ЂOKв”Ђв”Ђв”Ђ http://localhost:8000/images/optimized/galaxy-localization-1-640.gif
в”њв”Ђв”Ђв”ЂOKв”Ђв”Ђв”Ђ http://localhost:8000/images/optimized/galaxy-v1-640.gif
в”њв”Ђв”Ђв”ЂOKв”Ђв”Ђв”Ђ http://localhost:8000/images/optimized/galaxy-push-640.gif
в”њв”Ђв”Ђв”ЂOKв”Ђв”Ђв”Ђ http://localhost:8000/images/optimized/disney-content-strategy-640.gif
в”њв”Ђв”Ђв”ЂOKв”Ђв”Ђв”Ђ http://localhost:8000/images/optimized/polaris-search-640.gif
в”њв”Ђв”Ђв”ЂOKв”Ђв”Ђв”Ђ http://localhost:8000/images/optimized/polaris-visualbrowse-640.gif
в”њв”Ђв”Ђв”ЂOKв”Ђв”Ђв”Ђ http://localhost:8000/images/optimized/polaris-set-pcs-640.gif
в”њв”Ђв”Ђв”ЂOKв”Ђв”Ђв”Ђ http://localhost:8000/images/optimized/polaris-edit_cta-640.gif
в”њв”Ђв”Ђв”ЂOKв”Ђв”Ђв”Ђ http://localhost:8000/images/optimized/polaris-collection-640.gif
в”њв”Ђв”Ђв”ЂOKв”Ђв”Ђв”Ђ http://localhost:8000/images/optimized/polaris-browse-640.gif
в”њв”Ђв”Ђв”ЂOKв”Ђв”Ђв”Ђ http://localhost:8000/images/optimized/optumus-session-640.gif
в”њв”Ђв”Ђв”ЂOKв”Ђв”Ђв”Ђ http://localhost:8000/images/optimized/optumus-dashboard-640.gif
в”њв”Ђв”Ђв”ЂOKв”Ђв”Ђв”Ђ http://localhost:8000/images/optimized/optumus-spotlight-640.gif
в”њв”Ђв”Ђв”ЂOKв”Ђв”Ђв”Ђ http://localhost:8000/images/optimized/weaponx-dashboard-640.gif
в”њв”Ђв”Ђв”ЂOKв”Ђв”Ђв”Ђ http://localhost:8000/images/optimized/weaponx-640.gif
в”њв”Ђв”Ђв”ЂOKв”Ђв”Ђв”Ђ http://localhost:8000/images/optimized/dataportal-640.gif
в”њв”Ђв”Ђв”ЂOKв”Ђв”Ђв”Ђ http://localhost:8000/images/optimized/exd-design-system-overview-640.gif
в”њв”Ђв”Ђв”ЂOKв”Ђв”Ђв”Ђ http://localhost:8000/images/optimized/trek-inputs-640.gif
в”њв”Ђв”Ђв”ЂOKв”Ђв”Ђв”Ђ http://localhost:8000/images/optimized/trek-colors-640.gif
в”њв”Ђв”Ђв”ЂOKв”Ђв”Ђв”Ђ http://localhost:8000/images/optimized/trek-type-640.gif
в”њв”Ђв”Ђв”ЂOKв”Ђв”Ђв”Ђ http://localhost:8000/images/optimized/trek-navigation-640.gif
в”њв”Ђв”Ђв”ЂOKв”Ђв”Ђв”Ђ http://localhost:8000/images/optimized/trek-buttons-640.gif
в”њв”Ђв”Ђв”ЂOKв”Ђв”Ђв”Ђ http://localhost:8000/images/optimized/commerce-offer-detail-640.gif
в”њв”Ђв”Ђв”ЂOKв”Ђв”Ђв”Ђ http://localhost:8000/images/optimized/sisu-customer-details-640.gif
в”њв”Ђв”Ђв”ЂOKв”Ђв”Ђв”Ђ http://localhost:8000/images/optimized/messaging-new-email-640.gif
в”њв”Ђв”Ђв”ЂOKв”Ђв”Ђв”Ђ http://localhost:8000/images/optimized/cypher-dictionary-640.gif
в”њв”Ђв”Ђв”ЂOKв”Ђв”Ђв”Ђ http://localhost:8000/images/optimized/content-portal-episode-640.gif
в”њв”Ђв”Ђв”ЂOKв”Ђв”Ђв”Ђ http://localhost:8000/images/optimized/knowsmore-640.gif
в”њв”Ђв”Ђв”ЂOKв”Ђв”Ђв”Ђ http://localhost:8000/images/optimized/qos-spotlight-640.gif
в”њв”Ђв”Ђв”ЂOKв”Ђв”Ђв”Ђ http://localhost:8000/images/optimized/experiments-results-640.gif
в”њв”Ђв”Ђв”ЂOKв”Ђв”Ђв”Ђ http://localhost:8000/images/optimized/ads-mission-control-scheduling-640.gif
в”њв”Ђв”Ђв”ЂOKв”Ђв”Ђв”Ђ http://localhost:8000/images/optimized/dev-portal-640.gif
Finished! 106 links found. 48 excluded. 0 broken.

Getting links from: http://localhost:8000/portfolio/espn/
в”њв”Ђв”Ђв”ЂOKв”Ђв”Ђв”Ђ http://localhost:8000/images/portfolio/espn/ESPN-ORGANIC_MLP_Generic.mp4
в”њв”Ђв”Ђв”ЂOKв”Ђв”Ђв”Ђ http://localhost:8000/images/optimized/espn-masthead-2x1-640.gif
в”њв”Ђв”Ђв”ЂOKв”Ђв”Ђв”Ђ http://localhost:8000/images/optimized/espn-ppv-1-640.gif
в”њв”Ђв”Ђв”ЂOKв”Ђв”Ђв”Ђ http://localhost:8000/images/optimized/espn-ppv-2-640.gif
в”њв”Ђв”Ђв”ЂOKв”Ђв”Ђв”Ђ http://localhost:8000/images/optimized/espn-ppv-3-640.gif
в”њв”Ђв”Ђв”ЂOKв”Ђв”Ђв”Ђ http://localhost:8000/images/optimized/espn-ppv-3a-640.gif
в”њв”Ђв”Ђв”ЂOKв”Ђв”Ђв”Ђ http://localhost:8000/images/optimized/espn-ppv-4-640.gif
в”њв”Ђв”Ђв”ЂOKв”Ђв”Ђв”Ђ http://localhost:8000/images/optimized/espn-ppv-3b-640.gif
в”њв”Ђв”Ђв”ЂOKв”Ђв”Ђв”Ђ http://localhost:8000/images/optimized/espn-ppv-3c-640.gif
в”њв”Ђв”Ђв”ЂOKв”Ђв”Ђв”Ђ http://localhost:8000/images/optimized/espn+_01-640.gif
в”њв”Ђв”Ђв”ЂOKв”Ђв”Ђв”Ђ http://localhost:8000/images/optimized/espn+_09-640.gif
в”њв”Ђв”Ђв”ЂOKв”Ђв”Ђв”Ђ http://localhost:8000/images/optimized/espn+_02-640.gif
в”њв”Ђв”Ђв”ЂOKв”Ђв”Ђв”Ђ http://localhost:8000/images/optimized/espn+_07-640.gif
в”њв”Ђв”Ђв”ЂOKв”Ђв”Ђв”Ђ http://localhost:8000/images/optimized/espn+_06-640.gif
в”њв”Ђв”Ђв”ЂOKв”Ђв”Ђв”Ђ http://localhost:8000/images/optimized/espn+_10-640.gif
в”њв”Ђв”Ђв”ЂOKв”Ђв”Ђв”Ђ http://localhost:8000/images/optimized/starplus-1-640.gif
в”њв”Ђв”Ђв”ЂOKв”Ђв”Ђв”Ђ http://localhost:8000/images/optimized/starplus-3-640.gif
в”њв”Ђв”Ђв”ЂOKв”Ђв”Ђв”Ђ http://localhost:8000/images/optimized/starplus-4-640.gif
в”њв”Ђв”Ђв”ЂOKв”Ђв”Ђв”Ђ http://localhost:8000/images/optimized/starplus-2-640.gif
в”њв”Ђв”Ђв”ЂOKв”Ђв”Ђв”Ђ http://localhost:8000/images/optimized/comboplus-640.gif
в”њв”Ђв”Ђв”ЂOKв”Ђв”Ђв”Ђ http://localhost:8000/images/optimized/comboplus-signup-success-640.gif
в”њв”Ђв”Ђв”ЂOKв”Ђв”Ђв”Ђ http://localhost:8000/images/optimized/starplus-5-640.gif
в”њв”Ђв”Ђв”ЂOKв”Ђв”Ђв”Ђ http://localhost:8000/images/optimized/starplus-640.gif
в”њв”Ђв”Ђв”ЂOKв”Ђв”Ђв”Ђ http://localhost:8000/images/optimized/starplus-6-640.gif
в”њв”Ђв”Ђв”ЂOKв”Ђв”Ђв”Ђ http://localhost:8000/images/portfolio/espn/SportsCenter_plus.mp4
Finished! 51 links found. 26 excluded. 0 broken.

Getting links from: http://localhost:8000/portfolio/nhl/
в”њв”Ђв”Ђв”ЂOKв”Ђв”Ђв”Ђ http://localhost:8000/images/portfolio/nhl/nhl-masthead.mp4
в”њв”Ђв”Ђв”ЂOKв”Ђв”Ђв”Ђ http://localhost:8000/images/optimized/nhl-devices@2x-640.gif
в”њв”Ђв”Ђв”ЂOKв”Ђв”Ђв”Ђ http://localhost:8000/images/optimized/nhl-tv-tvos-highlights-640.gif
в”њв”Ђв”Ђв”ЂOKв”Ђв”Ђв”Ђ http://localhost:8000/images/optimized/nhl-tv-tvos-scores-640.gif
в”њв”Ђв”Ђв”ЂOKв”Ђв”Ђв”Ђ http://localhost:8000/images/optimized/nhl-tv-tvos-player_info-640.gif
в”њв”Ђв”Ђв”ЂOKв”Ђв”Ђв”Ђ http://localhost:8000/images/optimized/nhl-tv-tvos-favorites-640.gif
в”њв”Ђв”Ђв”ЂOKв”Ђв”Ђв”Ђ http://localhost:8000/images/optimized/bug-ps4-timestamp-playhead-640.gif
в”њв”Ђв”Ђв”ЂOKв”Ђв”Ђв”Ђ http://localhost:8000/images/optimized/nhl-tv-tvos-player-640.gif
в”њв”Ђв”Ђв”ЂOKв”Ђв”Ђв”Ђ http://localhost:8000/images/optimized/nhl-aroundtheleague-shelf-640.gif
в”њв”Ђв”Ђв”ЂOKв”Ђв”Ђв”Ђ http://localhost:8000/images/portfolio/nhl/nhl-around-the-league.mp4
в”њв”Ђв”Ђв”ЂOKв”Ђв”Ђв”Ђ http://localhost:8000/images/optimized/nhl-aroundtheleague-pip-640.gif
в”њв”Ђв”Ђв”ЂOKв”Ђв”Ђв”Ђ http://localhost:8000/images/optimized/nhl-mobile-video-before-640.gif
в”њв”Ђв”Ђв”ЂOKв”Ђв”Ђв”Ђ http://localhost:8000/images/optimized/nhl-mobile-video-after-607.gif
в”њв”Ђв”Ђв”ЂOKв”Ђв”Ђв”Ђ http://localhost:8000/images/portfolio/nhl/1a-Mobile-Video-Improvements.mp4
в”њв”Ђв”Ђв”ЂOKв”Ђв”Ђв”Ђ http://localhost:8000/images/portfolio/nhl/on-the-fly.mp4
в”њв”Ђв”Ђв”ЂOKв”Ђв”Ђв”Ђ http://localhost:8000/images/optimized/gameflow_01-640.gif
в”њв”Ђв”Ђв”ЂOKв”Ђв”Ђв”Ђ http://localhost:8000/images/optimized/gameflow_03-640.gif
в”њв”Ђв”Ђв”ЂOKв”Ђв”Ђв”Ђ http://localhost:8000/images/optimized/gameflow_02-640.gif
в”њв”Ђв”Ђв”ЂOKв”Ђв”Ђв”Ђ http://localhost:8000/images/optimized/gameflow_05-640.gif
в”њв”Ђв”Ђв”ЂOKв”Ђв”Ђв”Ђ http://localhost:8000/images/optimized/gameflow_04-640.gif
в”њв”Ђв”Ђв”ЂOKв”Ђв”Ђв”Ђ http://localhost:8000/images/optimized/gameflow_06-640.gif
в”њв”Ђв”Ђв”ЂOKв”Ђв”Ђв”Ђ http://localhost:8000/images/portfolio/nhl/GameFlow-Demo.mp4
Finished! 48 links found. 26 excluded. 0 broken.

Getting links from: http://localhost:8000/blog/software-is-hard/
в”њв”Ђв”Ђв”ЂOKв”Ђв”Ђв”Ђ http://localhost:8000/tags/design-strategy
в”њв”Ђв”Ђв”ЂOKв”Ђв”Ђв”Ђ http://localhost:8000/tags/design
в”њв”Ђв”Ђв”ЂOKв”Ђв”Ђв”Ђ http://localhost:8000/tags/process
Finished! 24 links found. 21 excluded. 0 broken.

Getting links from: http://localhost:8000/blog/job-market-2025/
в”њв”Ђв”Ђв”ЂOKв”Ђв”Ђв”Ђ http://localhost:8000/images/optimized/key-cylinder-wards-640.gif
в”њв”Ђв”Ђв”ЂOKв”Ђв”Ђв”Ђ http://localhost:8000/images/optimized/key-warding-notches-600.gif
в”њв”Ђв”Ђв”ЂOKв”Ђв”Ђв”Ђ http://localhost:8000/images/optimized/key-biting-wards-640.gif
в”њв”Ђв”Ђв”ЂOKв”Ђв”Ђв”Ђ http://localhost:8000/images/blog/key-bits.mp4
в”њв”Ђв”Ђв”ЂOKв”Ђв”Ђв”Ђ http://localhost:8000/images/optimized/designer-skill-profile-UI-559.gif
в”њв”Ђв”Ђв”ЂOKв”Ђв”Ђв”Ђ http://localhost:8000/images/optimized/designer-skill-profile-UX-559.gif
в”њв”Ђв”Ђв”ЂOKв”Ђв”Ђв”Ђ http://localhost:8000/images/optimized/designer-skill-profile-systems-559.gif
в”њв”Ђв”Ђв”ЂOKв”Ђв”Ђв”Ђ http://localhost:8000/images/optimized/designer-skill-profile-generalist-559.gif
в”њв”Ђв”Ђв”ЂOKв”Ђв”Ђв”Ђ http://localhost:8000/images/optimized/the-a-team-640.gif
в”њв”Ђв”Ђв”ЂOKв”Ђв”Ђв”Ђ http://localhost:8000/images/optimized/designer-skill-profile-team-559.gif
в”њв”Ђв”Ђв”ЂOKв”Ђв”Ђв”Ђ http://localhost:8000/tags/hiring
в”њв”Ђв”Ђв”ЂOKв”Ђв”Ђв”Ђ http://localhost:8000/tags/capitalism
Finished! 37 links found. 25 excluded. 0 broken.

Getting links from: http://localhost:8000/blog/greenpoint-pan-chocolat-2025/
в”њв”Ђв”Ђв”ЂOKв”Ђв”Ђв”Ђ http://localhost:8000/images/optimized/pan-choclat-bakeri-640.gif
в”њв”Ђв”Ђв”ЂOKв”Ђв”Ђв”Ђ http://localhost:8000/images/optimized/pan-choclat-charlotte-640.gif
в”њв”Ђв”Ђв”ЂOKв”Ђв”Ђв”Ђ http://localhost:8000/images/optimized/pan-choclat-nicksons-640.gif
в”њв”Ђв”Ђв”ЂOKв”Ђв”Ђв”Ђ http://localhost:8000/images/optimized/pan-choclat-panpan-640.gif
в”њв”Ђв”Ђв”ЂOKв”Ђв”Ђв”Ђ http://localhost:8000/images/optimized/pan-choclat-radio-640.gif
в”њв”Ђв”Ђв”ЂOKв”Ђв”Ђв”Ђ http://localhost:8000/tags/brooklyn
в”њв”Ђв”Ђв”ЂOKв”Ђв”Ђв”Ђ http://localhost:8000/tags/baking
в”њв”Ђв”Ђв”ЂOKв”Ђв”Ђв”Ђ http://localhost:8000/tags/greenpoint
в”њв”Ђв”Ђв”ЂOKв”Ђв”Ђв”Ђ http://localhost:8000/tags/pan-au-chocolat
в”њв”Ђв”Ђв”ЂOKв”Ђв”Ђв”Ђ http://localhost:8000/tags/chocolate-croissant
в”њв”Ђв”Ђв”ЂOKв”Ђв”Ђв”Ђ http://localhost:8000/tags/science
в”њв”Ђв”Ђв”ЂOKв”Ђв”Ђв”Ђ http://localhost:8000/tags/experimentation
Finished! 42 links found. 30 excluded. 0 broken.

Getting links from: http://localhost:8000/blog/read-history/
в”њв”Ђв”Ђв”ЂOKв”Ђв”Ђв”Ђ http://localhost:8000/tags/futurism
Finished! 29 links found. 28 excluded. 0 broken.

Getting links from: http://localhost:8000/colophon/
Finished! 43 links found. 43 excluded. 0 broken.

Getting links from: http://localhost:8000/privacy/
Finished! 19 links found. 19 excluded. 0 broken.

Getting links from: http://localhost:8000/blog/a-little-feedback-often/
в”њв”Ђв”Ђв”ЂOKв”Ђв”Ђв”Ђ http://localhost:8000/images/blog/sealion-balance-ball.mp4
в”њв”Ђв”Ђв”ЂOKв”Ђв”Ђв”Ђ http://localhost:8000/images/optimized/feedback-constant-640.gif
в”њв”Ђв”Ђв”ЂOKв”Ђв”Ђв”Ђ http://localhost:8000/images/optimized/feedback-delayed-640.gif
в”њв”Ђв”Ђв”ЂOKв”Ђв”Ђв”Ђ http://localhost:8000/images/blog/bmc-juggling.mp4
в”њв”Ђв”Ђв”ЂOKв”Ђв”Ђв”Ђ http://localhost:8000/tags/momentum
Finished! 29 links found. 24 excluded. 0 broken.

Getting links from: http://localhost:8000/blog/leadership-in-nature/
в”њв”Ђв”Ђв”ЂOKв”Ђв”Ђв”Ђ http://localhost:8000/tags/nature
в”њв”Ђв”Ђв”ЂOKв”Ђв”Ђв”Ђ http://localhost:8000/tags/leadership
Finished! 31 links found. 29 excluded. 0 broken.

Getting links from: http://localhost:8000/portfolio/flint-and-silicon/
в”њв”Ђв”Ђв”ЂOKв”Ђв”Ђв”Ђ http://localhost:8000/images/optimized/flint-and-silicon-masthead-640.gif
Finished! 22 links found. 21 excluded. 0 broken.

Getting links from: http://localhost:8000/portfolio/team-charter-workshop/
в”њв”Ђв”Ђв”ЂOKв”Ђв”Ђв”Ђ http://localhost:8000/images/optimized/workshop-plan-doc-640.gif
в”њв”Ђв”Ђв”ЂOKв”Ђв”Ђв”Ђ http://localhost:8000/images/optimized/EXD-workshop-trading-cards-640.gif
в”њв”Ђв”Ђв”ЂOKв”Ђв”Ђв”Ђ http://localhost:8000/images/optimized/EXD-workshop-voting-640.gif
в”њв”Ђв”Ђв”ЂOKв”Ђв”Ђв”Ђ http://localhost:8000/images/optimized/EXD-workshop-headsdown-640.gif
в”њв”Ђв”Ђв”ЂOKв”Ђв”Ђв”Ђ http://localhost:8000/images/optimized/EXD-workshop-values-640.gif
в”њв”Ђв”Ђв”ЂOKв”Ђв”Ђв”Ђ http://localhost:8000/images/optimized/EXD-workshop-elevator-640.gif
Finished! 32 links found. 26 excluded. 0 broken.

Getting links from: http://localhost:8000/portfolio/design-prototyping-201/
в”њв”Ђв”Ђв”ЂOKв”Ђв”Ђв”Ђ http://localhost:8000/images/optimized/bamtech-prototyping-masthead-640.gif
Finished! 23 links found. 22 excluded. 0 broken.

Getting links from: http://localhost:8000/portfolio/fusion-family-feast/
Finished! 22 links found. 22 excluded. 0 broken.

Getting links from: http://localhost:8000/portfolio/steelgills/
в”њв”Ђв”Ђв”ЂOKв”Ђв”Ђв”Ђ http://localhost:8000/images/optimized/steelgills-teaser-640.gif
Finished! 24 links found. 23 excluded. 0 broken.

Getting links from: http://localhost:8000/portfolio/pal-9100/
в”њв”Ђв”Ђв”ЂOKв”Ђв”Ђв”Ђ http://localhost:8000/images/optimized/PAL9100-desktop-640.gif
в”њв”Ђв”Ђв”ЂOKв”Ђв”Ђв”Ђ http://localhost:8000/images/portfolio/pal-9100/PAL9100-prototype-breadboard.mp4
в”њв”Ђв”Ђв”ЂOKв”Ђв”Ђв”Ђ http://localhost:8000/images/optimized/PAL9100-default-640.gif
в”њв”Ђв”Ђв”ЂOKв”Ђв”Ђв”Ђ http://localhost:8000/images/optimized/PAL9100-active-640.gif
Finished! 26 links found. 22 excluded. 0 broken.

Getting links from: http://localhost:8000/portfolio/boids/
в”њв”Ђв”Ђв”ЂOKв”Ђв”Ђв”Ђ http://localhost:8000/images/portfolio/gaia/boids.mp4
в”њв”Ђв”Ђв”ЂOKв”Ђв”Ђв”Ђ http://localhost:8000/gaia/boids/
Finished! 22 links found. 20 excluded. 0 broken.

Getting links from: http://localhost:8000/blog/design-quality/
Finished! 24 links found. 24 excluded. 0 broken.

Getting links from: http://localhost:8000/blog/bike-tour-2024/
в”њв”Ђв”Ђв”ЂOKв”Ђв”Ђв”Ђ http://localhost:8000/images/optimized/gapco-potomac-preview-1440.webp
в”њв”Ђв”Ђв”ЂOKв”Ђв”Ђв”Ђ http://localhost:8000/images/optimized/gapco-potomac-preview-640.gif
в”њв”Ђв”Ђв”ЂOKв”Ђв”Ђв”Ђ http://localhost:8000/images/blog/gapco-potomac-lo.mp4
в”њв”Ђв”Ђв”ЂOKв”Ђв”Ђв”Ђ http://localhost:8000/images/blog/gapco-potomac-hi.mp4
в”њв”Ђв”Ђв”ЂOKв”Ђв”Ђв”Ђ http://localhost:8000/blog/bike-tour-2023
в”њв”Ђв”Ђв”ЂOKв”Ђв”Ђв”Ђ http://localhost:8000/images/optimized/gapco-penn-station-640.gif
в”њв”Ђв”Ђв”ЂOKв”Ђв”Ђв”Ђ http://localhost:8000/images/optimized/gapco-big-bend-640.gif
в”њв”Ђв”Ђв”ЂOKв”Ђв”Ђв”Ђ http://localhost:8000/images/optimized/gapco-autumn-640.gif
в”њв”Ђв”Ђв”ЂOKв”Ђв”Ђв”Ђ http://localhost:8000/images/optimized/gapco-steel-city-640.gif
в”њв”Ђв”Ђв”ЂOKв”Ђв”Ђв”Ђ http://localhost:8000/images/optimized/gapco-industrial-zone-640.gif
в”њв”Ђв”Ђв”ЂOKв”Ђв”Ђв”Ђ http://localhost:8000/images/optimized/gapco-rig-640.gif
в”њв”Ђв”Ђв”ЂOKв”Ђв”Ђв”Ђ http://localhost:8000/images/optimized/gapco-single-track-640.gif
в”њв”Ђв”Ђв”ЂOKв”Ђв”Ђв”Ђ http://localhost:8000/images/optimized/gapco-morning-whiteout-640.gif
в”њв”Ђв”Ђв”ЂOKв”Ђв”Ђв”Ђ http://localhost:8000/images/optimized/gapco-tunnel-short-640.gif
в”њв”Ђв”Ђв”ЂOKв”Ђв”Ђв”Ђ http://localhost:8000/images/optimized/gapco-morning-mist-640.gif
в”њв”Ђв”Ђв”ЂOKв”Ђв”Ђв”Ђ http://localhost:8000/images/optimized/gapco-path-bridge-640.gif
в”њв”Ђв”Ђв”ЂOKв”Ђв”Ђв”Ђ http://localhost:8000/images/optimized/gapco-panorama-640.gif
в”њв”Ђв”Ђв”ЂOKв”Ђв”Ђв”Ђ http://localhost:8000/images/optimized/gapco-masondixon-640.gif
в”њв”Ђв”Ђв”ЂOKв”Ђв”Ђв”Ђ http://localhost:8000/images/optimized/gapco-antietam-640.gif
в”њв”Ђв”Ђв”ЂOKв”Ђв”Ђв”Ђ http://localhost:8000/images/optimized/gapco-selfie-lock-640.gif
в”њв”Ђв”Ђв”ЂOKв”Ђв”Ђв”Ђ http://localhost:8000/images/optimized/gapco-great-falls-640.gif
в”њв”Ђв”Ђв”ЂOKв”Ђв”Ђв”Ђ http://localhost:8000/images/optimized/gapco-japanese-garden-640.gif
в”њв”Ђв”Ђв”ЂOKв”Ђв”Ђв”Ђ http://localhost:8000/images/optimized/gapco-capitol-640.gif
в”њв”Ђв”Ђв”ЂOKв”Ђв”Ђв”Ђ http://localhost:8000/images/optimized/gapco-lincoln-sunset-640.gif
в”њв”Ђв”Ђв”ЂOKв”Ђв”Ђв”Ђ http://localhost:8000/tags/cycling
в”њв”Ђв”Ђв”ЂOKв”Ђв”Ђв”Ђ http://localhost:8000/tags/travel
в”њв”Ђв”Ђв”ЂOKв”Ђв”Ђв”Ђ http://localhost:8000/tags/bike-touring
в”њв”Ђв”Ђв”ЂOKв”Ђв”Ђв”Ђ http://localhost:8000/tags/adventure
Finished! 54 links found. 26 excluded. 0 broken.

Getting links from: http://localhost:8000/blog/growth-design-idioms/
в”њв”Ђв”Ђв”ЂOKв”Ђв”Ђв”Ђ http://localhost:8000/tags/ui
в”њв”Ђв”Ђв”ЂOKв”Ђв”Ђв”Ђ http://localhost:8000/tags/usability
Finished! 26 links found. 24 excluded. 0 broken.

Getting links from: http://localhost:8000/blog/intentional-consumption/
в”њв”Ђв”Ђв”ЂOKв”Ђв”Ђв”Ђ http://localhost:8000/tags/music
в”њв”Ђв”Ђв”ЂOKв”Ђв”Ђв”Ђ http://localhost:8000/tags/consumption
в”њв”Ђв”Ђв”ЂOKв”Ђв”Ђв”Ђ http://localhost:8000/tags/art
в”њв”Ђв”Ђв”ЂOKв”Ђв”Ђв”Ђ http://localhost:8000/tags/focus
в”њв”Ђв”Ђв”ЂOKв”Ђв”Ђв”Ђ http://localhost:8000/tags/growth
Finished! 28 links found. 23 excluded. 0 broken.

Getting links from: http://localhost:8000/blog/bike-tour-2023/
в”њв”Ђв”Ђв”ЂOKв”Ђв”Ђв”Ђ http://localhost:8000/images/blog/vt-ride-720p.mp4
в”њв”Ђв”Ђв”ЂOKв”Ђв”Ђв”Ђ http://localhost:8000/images/optimized/bike-tour-2023-route-v1-640.gif
в”њв”Ђв”Ђв”ЂOKв”Ђв”Ђв”Ђ http://localhost:8000/images/optimized/bike-tour-2023-route-v2-640.gif
в”њв”Ђв”Ђв”ЂOKв”Ђв”Ђв”Ђ http://localhost:8000/images/optimized/bike-tour-bike-640.gif
в”њв”Ђв”Ђв”ЂOKв”Ђв”Ђв”Ђ http://localhost:8000/images/optimized/bike-tour-gear-640.gif
Finished! 50 links found. 45 excluded. 0 broken.

Getting links from: http://localhost:8000/blog/design-for-durability/
в”њв”Ђв”Ђв”ЂOKв”Ђв”Ђв”Ђ http://localhost:8000/images/optimized/cannondale-caad-optimo-105-640.gif
в”њв”Ђв”Ђв”ЂOKв”Ђв”Ђв”Ђ http://localhost:8000/images/optimized/reduce-reuse-recycle-640.gif
в”њв”Ђв”Ђв”ЂOKв”Ђв”Ђв”Ђ http://localhost:8000/tags/dieterrams
Finished! 28 links found. 25 excluded. 0 broken.

Getting links from: http://localhost:8000/blog/good-people-management-is-invisible/
в”њв”Ђв”Ђв”ЂOKв”Ђв”Ђв”Ђ http://localhost:8000/tags/management
Finished! 26 links found. 25 excluded. 0 broken.

Getting links from: http://localhost:8000/blog/olympics-danger-being-a-good-neighbor/
в”њв”Ђв”Ђв”ЂOKв”Ђв”Ђв”Ђ http://localhost:8000/tags/danger
в”њв”Ђв”Ђв”ЂOKв”Ђв”Ђв”Ђ http://localhost:8000/tags/olympics
в”њв”Ђв”Ђв”ЂOKв”Ђв”Ђв”Ђ http://localhost:8000/tags/ukraine
в”њв”Ђв”Ђв”ЂOKв”Ђв”Ђв”Ђ http://localhost:8000/tags/war
в”њв”Ђв”Ђв”ЂOKв”Ђв”Ђв”Ђ http://localhost:8000/tags/sports
Finished! 29 links found. 24 excluded. 0 broken.

Getting links from: http://localhost:8000/blog/travel-made-me-a-better-designer/
в”њв”Ђв”Ђв”ЂOKв”Ђв”Ђв”Ђ http://localhost:8000/tags/greece
Finished! 28 links found. 27 excluded. 0 broken.

Getting links from: http://localhost:8000/blog/designers-hierarchy-of-needs/
в”њв”Ђв”Ђв”ЂOKв”Ђв”Ђв”Ђ http://localhost:8000/images/optimized/pyramid-cover-640.gif
в”њв”Ђв”Ђв”ЂOKв”Ђв”Ђв”Ђ http://localhost:8000/images/optimized/pyramid-diagram-640.gif
в”њв”Ђв”Ђв”ЂOKв”Ђв”Ђв”Ђ http://localhost:8000/tags/mission
в”њв”Ђв”Ђв”ЂOKв”Ђв”Ђв”Ђ http://localhost:8000/tags/teamwork
в”њв”Ђв”Ђв”ЂOKв”Ђв”Ђв”Ђ http://localhost:8000/tags/culture
в”њв”Ђв”Ђв”ЂOKв”Ђв”Ђв”Ђ http://localhost:8000/tags/career-growth
Finished! 28 links found. 22 excluded. 0 broken.

Getting links from: http://localhost:8000/blog/usability-testing-tv-apps/
в”њв”Ђв”Ђв”ЂOKв”Ђв”Ђв”Ђ http://localhost:8000/tags/tv
Finished! 30 links found. 29 excluded. 0 broken.

Getting links from: http://localhost:8000/blog/our-judicial-system-is-the-worst/
в”њв”Ђв”Ђв”ЂOKв”Ђв”Ђв”Ђ http://localhost:8000/tags/law
в”њв”Ђв”Ђв”ЂOKв”Ђв”Ђв”Ђ http://localhost:8000/tags/justice
в”њв”Ђв”Ђв”ЂOKв”Ђв”Ђв”Ђ http://localhost:8000/tags/civics
Finished! 25 links found. 22 excluded. 0 broken.

Getting links from: http://localhost:8000/blog/soccer-i-love-to-hate-you/
в”њв”Ђв”Ђв”ЂOKв”Ђв”Ђв”Ђ http://localhost:8000/tags/soccer
Finished! 25 links found. 24 excluded. 0 broken.

Getting links from: http://localhost:8000/blog/londoner-guide-to-NYC-cycling/
в”њв”Ђв”Ђв”ЂOKв”Ђв”Ђв”Ђ http://localhost:8000/tags/parody
в”њв”Ђв”Ђв”ЂOKв”Ђв”Ђв”Ђ http://localhost:8000/tags/new-york
Finished! 26 links found. 24 excluded. 0 broken.

Getting links from: http://localhost:8000/blog/design-is-never-done/
в”њв”Ђв”Ђв”ЂOKв”Ђв”Ђв”Ђ http://localhost:8000/tags/creativity
в”њв”Ђв”Ђв”ЂOKв”Ђв”Ђв”Ђ http://localhost:8000/tags/programming
Finished! 26 links found. 24 excluded. 0 broken.

Getting links from: http://localhost:8000/blog/big-data-causes-night-blindness/
в”њв”Ђв”Ђв”ЂOKв”Ђв”Ђв”Ђ http://localhost:8000/tags/data
в”њв”Ђв”Ђв”ЂOKв”Ђв”Ђв”Ђ http://localhost:8000/tags/evidence
в”њв”Ђв”Ђв”ЂOKв”Ђв”Ђв”Ђ http://localhost:8000/tags/research
Finished! 25 links found. 22 excluded. 0 broken.

Getting links from: http://localhost:8000/blog/consumer-design-for-enterprise/
в”њв”Ђв”Ђв”ЂOKв”Ђв”Ђв”Ђ http://localhost:8000/tags/enterprise
Finished! 23 links found. 22 excluded. 0 broken.

Getting links from: http://localhost:8000/blog/newtons-laws-of-design/
в”њв”Ђв”Ђв”ЂOKв”Ђв”Ђв”Ђ http://localhost:8000/tags/physics
в”њв”Ђв”Ђв”ЂOKв”Ђв”Ђв”Ђ http://localhost:8000/tags/midjourney
в”њв”Ђв”Ђв”ЂOKв”Ђв”Ђв”Ђ http://localhost:8000/tags/ai-art
Finished! 29 links found. 26 excluded. 0 broken.

Getting links from: http://localhost:8000/blog/rss.xml
Error: Expected type "text/html" but got "application/xml"

Getting links from: http://localhost:8000/tags/design-strategy
Finished! 20 links found. 20 excluded. 0 broken.

Getting links from: http://localhost:8000/tags/design
Finished! 53 links found. 53 excluded. 0 broken.

Getting links from: http://localhost:8000/tags/process
Finished! 29 links found. 29 excluded. 0 broken.

Getting links from: http://localhost:8000/tags/hiring
Finished! 19 links found. 19 excluded. 0 broken.

Getting links from: http://localhost:8000/tags/capitalism
Finished! 20 links found. 20 excluded. 0 broken.

Getting links from: http://localhost:8000/tags/brooklyn
Finished! 21 links found. 21 excluded. 0 broken.

Getting links from: http://localhost:8000/tags/baking
Finished! 21 links found. 21 excluded. 0 broken.

Getting links from: http://localhost:8000/tags/greenpoint
Finished! 21 links found. 21 excluded. 0 broken.

Getting links from: http://localhost:8000/tags/pan-au-chocolat
Finished! 21 links found. 21 excluded. 0 broken.

Getting links from: http://localhost:8000/tags/chocolate-croissant
Finished! 21 links found. 21 excluded. 0 broken.

Getting links from: http://localhost:8000/tags/science
Finished! 24 links found. 24 excluded. 0 broken.

Getting links from: http://localhost:8000/tags/experimentation
Finished! 21 links found. 21 excluded. 0 broken.

Getting links from: http://localhost:8000/tags/futurism
Finished! 24 links found. 24 excluded. 0 broken.

Getting links from: http://localhost:8000/tags/momentum
Finished! 21 links found. 21 excluded. 0 broken.

Getting links from: http://localhost:8000/tags/nature
Finished! 21 links found. 21 excluded. 0 broken.

Getting links from: http://localhost:8000/tags/leadership
Finished! 28 links found. 28 excluded. 0 broken.

Getting links from: http://localhost:8000/gaia/boids/
Finished! 2 links found. 2 excluded. 0 broken.

Getting links from: http://localhost:8000/tags/cycling
Finished! 30 links found. 30 excluded. 0 broken.

Getting links from: http://localhost:8000/tags/travel
Finished! 27 links found. 27 excluded. 0 broken.

Getting links from: http://localhost:8000/tags/bike-touring
Finished! 24 links found. 24 excluded. 0 broken.

Getting links from: http://localhost:8000/tags/adventure
Finished! 24 links found. 24 excluded. 0 broken.

Getting links from: http://localhost:8000/tags/ui
Finished! 19 links found. 19 excluded. 0 broken.

Getting links from: http://localhost:8000/tags/usability
Finished! 20 links found. 20 excluded. 0 broken.

Getting links from: http://localhost:8000/tags/music
Finished! 21 links found. 21 excluded. 0 broken.

Getting links from: http://localhost:8000/tags/consumption
Finished! 21 links found. 21 excluded. 0 broken.

Getting links from: http://localhost:8000/tags/art
Finished! 21 links found. 21 excluded. 0 broken.

Getting links from: http://localhost:8000/tags/focus
Finished! 24 links found. 24 excluded. 0 broken.

Getting links from: http://localhost:8000/tags/growth
Finished! 27 links found. 27 excluded. 0 broken.

Getting links from: http://localhost:8000/tags/dieterrams
Finished! 21 links found. 21 excluded. 0 broken.

Getting links from: http://localhost:8000/tags/management
Finished! 21 links found. 21 excluded. 0 broken.

Getting links from: http://localhost:8000/tags/danger
Finished! 21 links found. 21 excluded. 0 broken.

Getting links from: http://localhost:8000/tags/olympics
Finished! 21 links found. 21 excluded. 0 broken.

Getting links from: http://localhost:8000/tags/ukraine
Finished! 21 links found. 21 excluded. 0 broken.

Getting links from: http://localhost:8000/tags/war
Finished! 21 links found. 21 excluded. 0 broken.

Getting links from: http://localhost:8000/tags/sports
Finished! 24 links found. 24 excluded. 0 broken.

Getting links from: http://localhost:8000/tags/greece
Finished! 21 links found. 21 excluded. 0 broken.

Getting links from: http://localhost:8000/tags/mission
Finished! 19 links found. 19 excluded. 0 broken.

Getting links from: http://localhost:8000/tags/teamwork
Finished! 19 links found. 19 excluded. 0 broken.

Getting links from: http://localhost:8000/tags/culture
Finished! 22 links found. 22 excluded. 0 broken.

Getting links from: http://localhost:8000/tags/career-growth
Finished! 19 links found. 19 excluded. 0 broken.

Getting links from: http://localhost:8000/tags/tv
Finished! 19 links found. 19 excluded. 0 broken.

Getting links from: http://localhost:8000/tags/law
Finished! 21 links found. 21 excluded. 0 broken.

Getting links from: http://localhost:8000/tags/justice
Finished! 21 links found. 21 excluded. 0 broken.

Getting links from: http://localhost:8000/tags/civics
Finished! 21 links found. 21 excluded. 0 broken.

Getting links from: http://localhost:8000/tags/soccer
Finished! 21 links found. 21 excluded. 0 broken.

Getting links from: http://localhost:8000/tags/parody
Finished! 21 links found. 21 excluded. 0 broken.

Getting links from: http://localhost:8000/tags/new-york
Finished! 21 links found. 21 excluded. 0 broken.

Getting links from: http://localhost:8000/tags/creativity
Finished! 21 links found. 21 excluded. 0 broken.

Getting links from: http://localhost:8000/tags/programming
Finished! 21 links found. 21 excluded. 0 broken.

Getting links from: http://localhost:8000/tags/data
Finished! 19 links found. 19 excluded. 0 broken.

Getting links from: http://localhost:8000/tags/evidence
Finished! 19 links found. 19 excluded. 0 broken.

Getting links from: http://localhost:8000/tags/research
Finished! 19 links found. 19 excluded. 0 broken.

Getting links from: http://localhost:8000/tags/enterprise
Finished! 19 links found. 19 excluded. 0 broken.

Getting links from: http://localhost:8000/tags/physics
Finished! 21 links found. 21 excluded. 0 broken.

Getting links from: http://localhost:8000/tags/midjourney
Finished! 21 links found. 21 excluded. 0 broken.

Getting links from: http://localhost:8000/tags/ai-art
Finished! 21 links found. 21 excluded. 0 broken.

Finished! 2862 links found. 2427 excluded. 0 broken.
Elapsed time: 1 second
